<?xml version="1.0" encoding="UTF-8"?>
<!-- Generated by org.testng.reporters.JUnitXMLReporter -->
<testsuite ignored="0" hostname="DESKTOP-GNDE67A" failures="1" tests="10" name="Test" time="0.131" errors="0" timestamp="2022-11-13T13:02:07 EST">
  <testcase classname="tests.Testing1" name="f" time="0.005"/>
  <testcase classname="tests.Testing1" name="f" time="0.002"/>
  <testcase classname="tests.Testing1" name="f" time="0.002"/>
  <testcase classname="tests.Testing1" name="test1" time="0.001"/>
  <testcase classname="tests.Testing1" name="test2" time="0.001"/>
  <testcase classname="tests.Testing2" name="test4" time="0.002"/>
  <testcase classname="tests.Testing2" name="test5" time="0.002"/>
  <testcase classname="tests.Testing3" name="createuser" time="0.011">
    <failure type="java.lang.AssertionError" message="Verifyinh element expected [true] but found [false]">
      <![CDATA[java.lang.AssertionError: Verifyinh element expected [true] but found [false]
at tests.Testing3.createuser(Testing3.java:16)
at java.base/java.util.ArrayList.forEach(ArrayList.java:1511)
... Removed 30 stack frames]]>
    </failure>
  </testcase> <!-- createuser -->
  <testcase classname="tests.Testing3" name="edituser" time="0.0">
    <skipped/>
  </testcase> <!-- edituser -->
  <testcase classname="tests.Testing3" name="deleteuser" time="0.0">
    <skipped/>
  </testcase> <!-- deleteuser -->
</testsuite> <!-- Test -->
