<?xml version="1.0" encoding="UTF-8"?>
<!-- Generated by org.testng.reporters.JUnitXMLReporter -->
<testsuite ignored="0" hostname="DESKTOP-GNDE67A" failures="1" tests="10" name="Test" time="0.018" errors="0" timestamp="12 Nov 2022 15:50:16 GMT">
  <testcase classname="selenium.Testing1" name="f" time="0.0"/>
  <testcase classname="selenium.Testing1" name="f" time="0.0"/>
  <testcase classname="selenium.Testing1" name="f" time="0.0"/>
  <testcase classname="selenium.Testing1" name="test1" time="0.0"/>
  <testcase classname="selenium.Testing1" name="test2" time="0.0"/>
  <testcase classname="selenium.Testing2" name="test4" time="0.0"/>
  <testcase classname="selenium.Testing2" name="test5" time="0.0"/>
  <testcase classname="selenium.Testing3" name="createuser" time="0.001">
    <failure type="java.lang.AssertionError" message="Verifyinh element expected [true] but found [false]">
      <![CDATA[java.lang.AssertionError: Verifyinh element expected [true] but found [false]
at selenium.Testing3.createuser(Testing3.java:16)
... Removed 27 stack frames]]>
    </failure>
  </testcase> <!-- createuser -->
  <testcase classname="selenium.Testing3" name="edituser" time="0.0">
    <skipped/>
  </testcase> <!-- edituser -->
  <testcase classname="selenium.Testing3" name="deleteuser" time="0.0">
    <skipped/>
  </testcase> <!-- deleteuser -->
</testsuite> <!-- Test -->
